  main.cpp
C:\Users\tay90\source\repos\FirstPhysicsEngine\FirstPhysicsEngine\main.cpp(12,22): warning C4834: discarding return value of function with [[nodiscard]] attribute
C:\Users\tay90\source\repos\FirstPhysicsEngine\FirstPhysicsEngine\main.cpp(13,47): warning C4305: 'argument': truncation from '__int64' to 'unsigned int'
C:\Users\tay90\source\repos\FirstPhysicsEngine\FirstPhysicsEngine\main.cpp(13,47): warning C4309: 'argument': truncation of constant value
C:\Users\tay90\source\repos\FirstPhysicsEngine\FirstPhysicsEngine\main.cpp(31,26): warning C4305: 'argument': truncation from 'double' to 'float'
C:\Users\tay90\source\repos\FirstPhysicsEngine\FirstPhysicsEngine\main.cpp(32,27): warning C4305: 'argument': truncation from 'double' to 'float'
C:\Users\tay90\source\repos\FirstPhysicsEngine\FirstPhysicsEngine\main.cpp(33,26): warning C4305: 'argument': truncation from 'double' to 'float'
C:\Users\tay90\source\repos\FirstPhysicsEngine\FirstPhysicsEngine\main.cpp(34,27): warning C4305: 'argument': truncation from 'double' to 'float'
  FirstPhysicsEngine.vcxproj -> C:\Users\tay90\source\repos\FirstPhysicsEngine\x64\Debug\FirstPhysicsEngine.exe
  C:\Users\tay90\source\repos\FirstPhysicsEngine\x64\Debug\FirstPhysicsEngine.exe: message: deploying dependencies
  C:\Users\tay90\vcpkg\installed\x64-windows\debug\bin\sfml-graphics-d-3.dll -> C:\Users\tay90\source\repos\FirstPhysicsEngine\x64\Debug\sfml-graphics-d-3.dll skipped, up to date
  C:\Users\tay90\source\repos\FirstPhysicsEngine\x64\Debug\sfml-graphics-d-3.dll: message: deploying dependencies
  C:\Users\tay90\vcpkg\installed\x64-windows\debug\bin\sfml-window-d-3.dll -> C:\Users\tay90\source\repos\FirstPhysicsEngine\x64\Debug\sfml-window-d-3.dll skipped, up to date
  C:\Users\tay90\source\repos\FirstPhysicsEngine\x64\Debug\sfml-window-d-3.dll: message: deploying dependencies
  C:\Users\tay90\vcpkg\installed\x64-windows\debug\bin\sfml-system-d-3.dll -> C:\Users\tay90\source\repos\FirstPhysicsEngine\x64\Debug\sfml-system-d-3.dll skipped, up to date
  C:\Users\tay90\source\repos\FirstPhysicsEngine\x64\Debug\sfml-system-d-3.dll: message: deploying dependencies
  C:\Users\tay90\vcpkg\installed\x64-windows\debug\bin\freetyped.dll -> C:\Users\tay90\source\repos\FirstPhysicsEngine\x64\Debug\freetyped.dll skipped, up to date
  C:\Users\tay90\source\repos\FirstPhysicsEngine\x64\Debug\freetyped.dll: message: deploying dependencies
  C:\Users\tay90\vcpkg\installed\x64-windows\debug\bin\zd.dll -> C:\Users\tay90\source\repos\FirstPhysicsEngine\x64\Debug\zd.dll skipped, up to date
  C:\Users\tay90\source\repos\FirstPhysicsEngine\x64\Debug\zd.dll: message: deploying dependencies
  C:\Users\tay90\vcpkg\installed\x64-windows\debug\bin\bz2d.dll -> C:\Users\tay90\source\repos\FirstPhysicsEngine\x64\Debug\bz2d.dll skipped, up to date
  C:\Users\tay90\source\repos\FirstPhysicsEngine\x64\Debug\bz2d.dll: message: deploying dependencies
  C:\Users\tay90\vcpkg\installed\x64-windows\debug\bin\libpng16d.dll -> C:\Users\tay90\source\repos\FirstPhysicsEngine\x64\Debug\libpng16d.dll skipped, up to date
  C:\Users\tay90\source\repos\FirstPhysicsEngine\x64\Debug\libpng16d.dll: message: deploying dependencies
  C:\Users\tay90\vcpkg\installed\x64-windows\debug\bin\brotlidec.dll -> C:\Users\tay90\source\repos\FirstPhysicsEngine\x64\Debug\brotlidec.dll skipped, up to date
  C:\Users\tay90\source\repos\FirstPhysicsEngine\x64\Debug\brotlidec.dll: message: deploying dependencies
  C:\Users\tay90\vcpkg\installed\x64-windows\debug\bin\brotlicommon.dll -> C:\Users\tay90\source\repos\FirstPhysicsEngine\x64\Debug\brotlicommon.dll skipped, up to date
  C:\Users\tay90\source\repos\FirstPhysicsEngine\x64\Debug\brotlicommon.dll: message: deploying dependencies
